Log file open, 11/04/16 18:48:27
LogInit:Display: Running engine for game: TimeAttack
LogPlatformFile: Not using cached read wrapper
LogInit:Display: RandInit(-1022984345) SRandInit(-1022984344).
LogTaskGraph: Started task graph with 5 named threads and 8 total threads with 1 sets of task threads.
LogStats: Stats thread started at 0.159140
LogPluginManager: Loaded Plugin Paper2D, From C:/Program Files (x86)/Epic Games/4.13/Engine/Plugins/2D/Paper2D/Paper2D.uplugin
LogPluginManager: Loaded Plugin LightPropagationVolume, From C:/Program Files (x86)/Epic Games/4.13/Engine/Plugins/Blendables/LightPropagationVolume/LightPropagationVolume.uplugin
LogPluginManager: Loaded Plugin BlankPlugin, From C:/Program Files (x86)/Epic Games/4.13/Engine/Plugins/Developer/BlankPlugin/BlankPlugin.uplugin
LogPluginManager: Loaded Plugin CodeLiteSourceCodeAccess, From C:/Program Files (x86)/Epic Games/4.13/Engine/Plugins/Developer/CodeLiteSourceCodeAccess/CodeLiteSourceCodeAccess.uplugin
LogPluginManager: Loaded Plugin GitSourceControl, From C:/Program Files (x86)/Epic Games/4.13/Engine/Plugins/Developer/GitSourceControl/GitSourceControl.uplugin
LogPluginManager: Loaded Plugin KDevelopSourceCodeAccess, From C:/Program Files (x86)/Epic Games/4.13/Engine/Plugins/Developer/KDevelopSourceCodeAccess/KDevelopSourceCodeAccess.uplugin
LogPluginManager: Loaded Plugin NullSourceCodeAccess, From C:/Program Files (x86)/Epic Games/4.13/Engine/Plugins/Developer/NullSourceCodeAccess/NullSourceCodeAccess.uplugin
LogPluginManager: Loaded Plugin OneSkyLocalizationService, From C:/Program Files (x86)/Epic Games/4.13/Engine/Plugins/Developer/OneSkyLocalizationService/OneSkyLocalizationService.uplugin
LogPluginManager: Loaded Plugin PerforceSourceControl, From C:/Program Files (x86)/Epic Games/4.13/Engine/Plugins/Developer/PerforceSourceControl/PerforceSourceControl.uplugin
LogPluginManager: Loaded Plugin SubversionSourceControl, From C:/Program Files (x86)/Epic Games/4.13/Engine/Plugins/Developer/SubversionSourceControl/SubversionSourceControl.uplugin
LogPluginManager: Loaded Plugin UObjectPlugin, From C:/Program Files (x86)/Epic Games/4.13/Engine/Plugins/Developer/UObjectPlugin/UObjectPlugin.uplugin
LogPluginManager: Loaded Plugin VisualStudioSourceCodeAccess, From C:/Program Files (x86)/Epic Games/4.13/Engine/Plugins/Developer/VisualStudioSourceCodeAccess/VisualStudioSourceCodeAccess.uplugin
LogPluginManager: Loaded Plugin XCodeSourceCodeAccess, From C:/Program Files (x86)/Epic Games/4.13/Engine/Plugins/Developer/XCodeSourceCodeAccess/XCodeSourceCodeAccess.uplugin
LogPluginManager: Loaded Plugin EpicSurvey, From C:/Program Files (x86)/Epic Games/4.13/Engine/Plugins/Editor/EpicSurvey/EpicSurvey.uplugin
LogPluginManager: Loaded Plugin MacGraphicsSwitching, From C:/Program Files (x86)/Epic Games/4.13/Engine/Plugins/Editor/MacGraphicsSwitching/MacGraphicsSwitching.uplugin
LogPluginManager: Loaded Plugin MobileLauncherProfileWizard, From C:/Program Files (x86)/Epic Games/4.13/Engine/Plugins/Editor/MobileLauncherProfileWizard/MobileLauncherProfileWizard.uplugin
LogPluginManager: Loaded Plugin PluginBrowser, From C:/Program Files (x86)/Epic Games/4.13/Engine/Plugins/Editor/PluginBrowser/PluginBrowser.uplugin
LogPluginManager: Loaded Plugin SpeedTreeImporter, From C:/Program Files (x86)/Epic Games/4.13/Engine/Plugins/Editor/SpeedTreeImporter/SpeedTreeImporter.uplugin
LogPluginManager: Loaded Plugin SuperSearchEditor, From C:/Program Files (x86)/Epic Games/4.13/Engine/Plugins/Editor/SuperSearchEditor/SuperSearchEditor.uplugin
LogPluginManager: Loaded Plugin AlembicImporter, From C:/Program Files (x86)/Epic Games/4.13/Engine/Plugins/Experimental/AlembicImporter/AlembicImporter.uplugin
LogPluginManager: Loaded Plugin BlueprintStats, From C:/Program Files (x86)/Epic Games/4.13/Engine/Plugins/Experimental/BlueprintStats/BlueprintStats.uplugin
LogPluginManager: Loaded Plugin CharacterAI, From C:/Program Files (x86)/Epic Games/4.13/Engine/Plugins/Experimental/CharacterAI/CharacterAI.uplugin
LogPluginManager: Loaded Plugin CodeEditor, From C:/Program Files (x86)/Epic Games/4.13/Engine/Plugins/Experimental/CodeEditor/CodeEditor.uplugin
LogPluginManager: Loaded Plugin CodeView, From C:/Program Files (x86)/Epic Games/4.13/Engine/Plugins/Experimental/CodeView/CodeView.uplugin
LogPluginManager: Loaded Plugin HTML5Networking, From C:/Program Files (x86)/Epic Games/4.13/Engine/Plugins/Experimental/HTML5Networking/HTML5Networking.uplugin
LogPluginManager: Loaded Plugin LiveEditor, From C:/Program Files (x86)/Epic Games/4.13/Engine/Plugins/Experimental/LiveEditor/LiveEditor.uplugin
LogPluginManager: Loaded Plugin OSVR, From C:/Program Files (x86)/Epic Games/4.13/Engine/Plugins/Experimental/OSVR/OSVR.uplugin
LogPluginManager: Loaded Plugin Phya, From C:/Program Files (x86)/Epic Games/4.13/Engine/Plugins/Experimental/Phya/Phya.uplugin
LogPluginManager: Loaded Plugin SignificanceManager, From C:/Program Files (x86)/Epic Games/4.13/Engine/Plugins/Experimental/SignificanceManager/SignificanceManager.uplugin
LogPluginManager: Loaded Plugin SimpleHMD, From C:/Program Files (x86)/Epic Games/4.13/Engine/Plugins/Experimental/SimpleHMD/SimpleHMD.uplugin
LogPluginManager: Loaded Plugin StereoPanorama, From C:/Program Files (x86)/Epic Games/4.13/Engine/Plugins/Experimental/StereoPanorama/StereoPanorama.uplugin
LogPluginManager: Loaded Plugin StructBox, From C:/Program Files (x86)/Epic Games/4.13/Engine/Plugins/Experimental/StructBox/StructBox.uplugin
LogPluginManager: Loaded Plugin AndroidMedia, From C:/Program Files (x86)/Epic Games/4.13/Engine/Plugins/Media/AndroidMedia/AndroidMedia.uplugin
LogPluginManager: Loaded Plugin AvfMedia, From C:/Program Files (x86)/Epic Games/4.13/Engine/Plugins/Media/AvfMedia/AvfMedia.uplugin
LogPluginManager: Loaded Plugin MediaPlayerEditor, From C:/Program Files (x86)/Epic Games/4.13/Engine/Plugins/Media/MediaPlayerEditor/MediaPlayerEditor.uplugin
LogPluginManager: Loaded Plugin WmfMedia, From C:/Program Files (x86)/Epic Games/4.13/Engine/Plugins/Media/WmfMedia/WmfMedia.uplugin
LogPluginManager: Loaded Plugin MessagingDebugger, From C:/Program Files (x86)/Epic Games/4.13/Engine/Plugins/Messaging/MessagingDebugger/MessagingDebugger.uplugin
LogPluginManager: Loaded Plugin TcpMessaging, From C:/Program Files (x86)/Epic Games/4.13/Engine/Plugins/Messaging/TcpMessaging/TcpMessaging.uplugin
LogPluginManager: Loaded Plugin UdpMessaging, From C:/Program Files (x86)/Epic Games/4.13/Engine/Plugins/Messaging/UdpMessaging/UdpMessaging.uplugin
LogPluginManager: Loaded Plugin LevelSequenceEditor, From C:/Program Files (x86)/Epic Games/4.13/Engine/Plugins/MovieScene/LevelSequenceEditor/LevelSequenceEditor.uplugin
LogPluginManager: Loaded Plugin MatineeToLevelSequence, From C:/Program Files (x86)/Epic Games/4.13/Engine/Plugins/MovieScene/MatineeToLevelSequence/MatineeToLevelSequence.uplugin
LogPluginManager: Loaded Plugin NetcodeUnitTest, From C:/Program Files (x86)/Epic Games/4.13/Engine/Plugins/NetcodeUnitTest/NetcodeUnitTest/NetcodeUnitTest.uplugin
LogPluginManager: Loaded Plugin NUTUnrealEngine4, From C:/Program Files (x86)/Epic Games/4.13/Engine/Plugins/NetcodeUnitTest/NUTUnrealEngine4/NUTUnrealEngine4.uplugin
LogPluginManager: Loaded Plugin OnlineSubsystemGooglePlay, From C:/Program Files (x86)/Epic Games/4.13/Engine/Plugins/Online/Android/OnlineSubsystemGooglePlay/OnlineSubsystemGooglePlay.uplugin
LogPluginManager: Loaded Plugin OnlineSubsystemIOS, From C:/Program Files (x86)/Epic Games/4.13/Engine/Plugins/Online/IOS/OnlineSubsystemIOS/OnlineSubsystemIOS.uplugin
LogPluginManager: Loaded Plugin OnlineFramework, From C:/Program Files (x86)/Epic Games/4.13/Engine/Plugins/Online/OnlineFramework/OnlineFramework.uplugin
LogPluginManager: Loaded Plugin OnlineSubsystem, From C:/Program Files (x86)/Epic Games/4.13/Engine/Plugins/Online/OnlineSubsystem/OnlineSubsystem.uplugin
LogPluginManager: Loaded Plugin OnlineSubsystemAmazon, From C:/Program Files (x86)/Epic Games/4.13/Engine/Plugins/Online/OnlineSubsystemAmazon/OnlineSubsystemAmazon.uplugin
LogPluginManager: Loaded Plugin OnlineSubsystemFacebook, From C:/Program Files (x86)/Epic Games/4.13/Engine/Plugins/Online/OnlineSubsystemFacebook/OnlineSubsystemFacebook.uplugin
LogPluginManager: Loaded Plugin OnlineSubsystemNull, From C:/Program Files (x86)/Epic Games/4.13/Engine/Plugins/Online/OnlineSubsystemNull/OnlineSubsystemNull.uplugin
LogPluginManager: Loaded Plugin OnlineSubsystemOculus, From C:/Program Files (x86)/Epic Games/4.13/Engine/Plugins/Online/OnlineSubsystemOculus/OnlineSubsystemOculus.uplugin
LogPluginManager: Loaded Plugin OnlineSubsystemSteam, From C:/Program Files (x86)/Epic Games/4.13/Engine/Plugins/Online/OnlineSubsystemSteam/OnlineSubsystemSteam.uplugin
LogPluginManager: Loaded Plugin OnlineSubsystemUtils, From C:/Program Files (x86)/Epic Games/4.13/Engine/Plugins/Online/OnlineSubsystemUtils/OnlineSubsystemUtils.uplugin
LogPluginManager: Loaded Plugin IOSTapJoy, From C:/Program Files (x86)/Epic Games/4.13/Engine/Plugins/Runtime/Advertising/IOSTapJoy/IOSTapJoy.uplugin
LogPluginManager: Loaded Plugin AnalyticsBlueprintLibrary, From C:/Program Files (x86)/Epic Games/4.13/Engine/Plugins/Runtime/Analytics/AnalyticsBlueprintLibrary/AnalyticsBlueprintLibrary.uplugin
LogPluginManager: Loaded Plugin AnalyticsMulticast, From C:/Program Files (x86)/Epic Games/4.13/Engine/Plugins/Runtime/Analytics/AnalyticsMulticast/AnalyticsMulticast.uplugin
LogPluginManager: Loaded Plugin Apsalar, From C:/Program Files (x86)/Epic Games/4.13/Engine/Plugins/Runtime/Analytics/Apsalar/Apsalar.uplugin
LogPluginManager: Loaded Plugin FileLogging, From C:/Program Files (x86)/Epic Games/4.13/Engine/Plugins/Runtime/Analytics/FileLogging/FileLogging.uplugin
LogPluginManager: Loaded Plugin Flurry, From C:/Program Files (x86)/Epic Games/4.13/Engine/Plugins/Runtime/Analytics/Flurry/Flurry.uplugin
LogPluginManager: Loaded Plugin AndroidDeviceProfileSelector, From C:/Program Files (x86)/Epic Games/4.13/Engine/Plugins/Runtime/AndroidDeviceProfileSelector/AndroidDeviceProfileSelector.uplugin
LogPluginManager: Loaded Plugin AndroidMoviePlayer, From C:/Program Files (x86)/Epic Games/4.13/Engine/Plugins/Runtime/AndroidMoviePlayer/AndroidMoviePlayer.uplugin
LogPluginManager: Loaded Plugin AppleMoviePlayer, From C:/Program Files (x86)/Epic Games/4.13/Engine/Plugins/Runtime/AppleMoviePlayer/AppleMoviePlayer.uplugin
LogPluginManager: Loaded Plugin ArchVisCharacter, From C:/Program Files (x86)/Epic Games/4.13/Engine/Plugins/Runtime/ArchVisCharacter/ArchVisCharacter.uplugin
LogPluginManager: Loaded Plugin CableComponent, From C:/Program Files (x86)/Epic Games/4.13/Engine/Plugins/Runtime/CableComponent/CableComponent.uplugin
LogPluginManager: Loaded Plugin CustomMeshComponent, From C:/Program Files (x86)/Epic Games/4.13/Engine/Plugins/Runtime/CustomMeshComponent/CustomMeshComponent.uplugin
LogPluginManager: Loaded Plugin ExampleDeviceProfileSelector, From C:/Program Files (x86)/Epic Games/4.13/Engine/Plugins/Runtime/ExampleDeviceProfileSelector/ExampleDeviceProfileSelector.uplugin
LogPluginManager: Loaded Plugin GearVR, From C:/Program Files (x86)/Epic Games/4.13/Engine/Plugins/Runtime/GearVR/GearVR.uplugin
LogPluginManager: Loaded Plugin GoogleVRController, From C:/Program Files (x86)/Epic Games/4.13/Engine/Plugins/Runtime/GoogleVR/GoogleVRController/GoogleVRController.uplugin
LogPluginManager: Loaded Plugin GoogleVRHMD, From C:/Program Files (x86)/Epic Games/4.13/Engine/Plugins/Runtime/GoogleVR/GoogleVRHMD/GoogleVRHMD.uplugin
LogPluginManager: Loaded Plugin IOSDeviceProfileSelector, From C:/Program Files (x86)/Epic Games/4.13/Engine/Plugins/Runtime/IOSDeviceProfileSelector/IOSDeviceProfileSelector.uplugin
LogPluginManager: Loaded Plugin LeapMotion, From C:/Program Files (x86)/Epic Games/4.13/Engine/Plugins/Runtime/LeapMotion/LeapMotion.uplugin
LogPluginManager: Loaded Plugin LinuxDeviceProfileSelector, From C:/Program Files (x86)/Epic Games/4.13/Engine/Plugins/Runtime/LinuxDeviceProfileSelector/LinuxDeviceProfileSelector.uplugin
LogPluginManager: Loaded Plugin LiveEditorListenServer, From C:/Program Files (x86)/Epic Games/4.13/Engine/Plugins/Runtime/LiveEditorListenServer/LiveEditorListenServer.uplugin
LogPluginManager: Loaded Plugin OculusAudio, From C:/Program Files (x86)/Epic Games/4.13/Engine/Plugins/Runtime/OculusAudio/OculusAudio.uplugin
LogPluginManager: Loaded Plugin OculusInput, From C:/Program Files (x86)/Epic Games/4.13/Engine/Plugins/Runtime/OculusInput/OculusInput.uplugin
LogPluginManager: Loaded Plugin OculusLibrary, From C:/Program Files (x86)/Epic Games/4.13/Engine/Plugins/Runtime/OculusLibrary/OculusLibrary.uplugin
LogPluginManager: Loaded Plugin OculusRift, From C:/Program Files (x86)/Epic Games/4.13/Engine/Plugins/Runtime/OculusRift/OculusRift.uplugin
LogPluginManager: Loaded Plugin Oodle, From C:/Program Files (x86)/Epic Games/4.13/Engine/Plugins/Runtime/PacketHandlers/CompressionComponents/Oodle/Oodle.uplugin
LogPluginManager: Loaded Plugin ProceduralMeshComponent, From C:/Program Files (x86)/Epic Games/4.13/Engine/Plugins/Runtime/ProceduralMeshComponent/ProceduralMeshComponent.uplugin
LogPluginManager: Loaded Plugin SoundMod, From C:/Program Files (x86)/Epic Games/4.13/Engine/Plugins/Runtime/SoundMod/SoundMod.uplugin
LogPluginManager: Loaded Plugin SoundVisualizations, From C:/Program Files (x86)/Epic Games/4.13/Engine/Plugins/Runtime/SoundVisualizations/SoundVisualizations.uplugin
LogPluginManager: Loaded Plugin SteamController, From C:/Program Files (x86)/Epic Games/4.13/Engine/Plugins/Runtime/Steam/SteamController/SteamController.uplugin
LogPluginManager: Loaded Plugin SteamVR, From C:/Program Files (x86)/Epic Games/4.13/Engine/Plugins/Runtime/Steam/SteamVR/SteamVR.uplugin
LogPluginManager: Loaded Plugin WebBrowserWidget, From C:/Program Files (x86)/Epic Games/4.13/Engine/Plugins/Runtime/WebBrowserWidget/WebBrowserWidget.uplugin
LogPluginManager: Loaded Plugin WindowsDeviceProfileSelector, From C:/Program Files (x86)/Epic Games/4.13/Engine/Plugins/Runtime/WindowsDeviceProfileSelector/WindowsDeviceProfileSelector.uplugin
LogPluginManager: Loaded Plugin WindowsMoviePlayer, From C:/Program Files (x86)/Epic Games/4.13/Engine/Plugins/Runtime/WindowsMoviePlayer/WindowsMoviePlayer.uplugin
LogPluginManager: Loaded Plugin ScriptPlugin, From C:/Program Files (x86)/Epic Games/4.13/Engine/Plugins/ScriptPlugin/ScriptPlugin.uplugin
LogPluginManager: Loaded Plugin SlateRemote, From C:/Program Files (x86)/Epic Games/4.13/Engine/Plugins/Slate/SlateRemote/SlateRemote.uplugin
LogInit: Using libcurl 7.47.1
LogInit:  - built for x86_64-pc-win32
LogInit:  - supports SSL with WinSSL
LogInit:  - other features:
LogInit:      CURL_VERSION_SSL
LogInit:      CURL_VERSION_IPV6
LogInit:      CURL_VERSION_ASYNCHDNS
LogInit:      CURL_VERSION_LARGEFILE
LogInit:      CURL_VERSION_IDN
LogInit:  CurlRequestOptions (configurable via config and command line):
LogInit:  - bVerifyPeer = false  - Libcurl will NOT verify peer certificate
LogInit:  - bUseHttpProxy = false  - Libcurl will NOT use HTTP proxy
LogInit:  - bDontReuseConnections = false  - Libcurl will reuse connections
LogInit:  - CertBundlePath = nullptr  - Libcurl will use whatever was configured at build time.
LogInit: Build: ++UE4+Release-4.13-CL-3172292
LogInit: Engine Version: 4.13.2-3172292+++UE4+Release-4.13
LogInit: Compatible Engine Version: 4.13.0-3106830+++UE4+Release-4.13
LogInit: Net CL: 3172292
LogDevObjectVersion: Number of dev versions registered: 13
LogDevObjectVersion:   Dev-Blueprints (B0D832E4-1F89-4F0D-ACCF-7EB736FD4AA2): 5
LogDevObjectVersion:   Dev-Build (E1C64328-A22C-4D53-A36C-8E866417BD8C): 0
LogDevObjectVersion:   Dev-Core (375EC13C-06E4-48FB-B500-84F0262A717E): 1
LogDevObjectVersion:   Dev-Editor (E4B068ED-F494-42E9-A231-DA0B2E46BB41): 6
LogDevObjectVersion:   Dev-Framework (CFFC743F-43B0-4480-9391-14DF171D2073): 12
LogDevObjectVersion:   Dev-Mobile (B02B49B5-BB20-44E9-A304-32B752E40360): 0
LogDevObjectVersion:   Dev-Networking (A4E4105C-59A1-49B5-A7C5-40C4547EDFEE): 0
LogDevObjectVersion:   Dev-Online (39C831C9-5AE6-47DC-9A44-9C173E1C8E7C): 0
LogDevObjectVersion:   Dev-Physics (78F01B33-EBEA-4F98-B9B4-84EACCB95AA2): 0
LogDevObjectVersion:   Dev-Platform (6631380F-2D4D-43E0-8009-CF276956A95A): 0
LogDevObjectVersion:   Dev-Rendering (12F88B9F-8875-4AFC-A67C-D90C383ABD29): 4
LogDevObjectVersion:   Dev-Sequencer (7B5AE74C-D270-4C10-A958-57980B212A5A): 0
LogDevObjectVersion:   Dev-VR (D7296918-1DD6-4BDD-9DE2-64A83CC13884): 0
LogInit: Compiled (64-bit): Oct 24 2016 14:29:06
LogInit: Compiled with Visual C++: 19.00.23026.00
LogInit: Build Configuration: Development
LogInit: Branch Name: ++UE4+Release-4.13
LogInit: Command line: -EpicPortal 
LogInit: Base directory: C:/Program Files (x86)/Epic Games/4.13/Engine/Binaries/Win64/
LogInit: Installed Engine Build: 1
LogInit: Presizing for max 8388607 objects, including 0 objects not considered by GC, pre-allocating 0 bytes for permanent pool.
LogInit: Object subsystem initialized
[2016.11.04-21.48.28:326][  0]LogInit: Selected Device Profile: [Windows]
[2016.11.04-21.48.28:326][  0]LogInit: Applying CVar settings loaded from the selected device profile: [Windows]
[2016.11.04-21.48.28:394][  0]LogInit: Computer: YISUS
[2016.11.04-21.48.28:394][  0]LogInit: User: Jesus
[2016.11.04-21.48.28:394][  0]LogInit: CPU Page size=65536, Cores=4
[2016.11.04-21.48.28:394][  0]LogInit: High frequency timer resolution =1.949469 MHz
[2016.11.04-21.48.28:395][  0]LogMemory: Memory total: Physical=6.9GB (7GB approx)
[2016.11.04-21.48.28:395][  0]LogMemory: Platform Memory Stats for Windows
[2016.11.04-21.48.28:395][  0]LogMemory: Process Physical Memory: 253.49 MB used, 253.49 MB peak
[2016.11.04-21.48.28:395][  0]LogMemory: Process Virtual Memory: 259.42 MB used, 259.42 MB peak
[2016.11.04-21.48.28:395][  0]LogMemory: Physical Memory: 4813.25 MB used, 7103.50 MB total
[2016.11.04-21.48.28:395][  0]LogMemory: Virtual Memory: 602.68 MB used, 134217728.00 MB total
[2016.11.04-21.48.28:469][  0]LogInit: Overriding culture en w/ editor configuration.
[2016.11.04-21.48.32:349][  0]LogD3D11RHI: D3D11 adapters:
[2016.11.04-21.48.32:397][  0]LogD3D11RHI:    0. 'AMD Radeon(TM) R5 Graphics' (Feature Level 11_0)
[2016.11.04-21.48.32:397][  0]LogD3D11RHI:       3042/0/3328 MB DedicatedVideo/DedicatedSystem/SharedSystem, Outputs:1, VendorId:0x1002
[2016.11.04-21.48.32:402][  0]LogD3D11RHI:    1. 'Microsoft Basic Render Driver' (Feature Level 11_0)
[2016.11.04-21.48.32:402][  0]LogD3D11RHI:       0/0/256 MB DedicatedVideo/DedicatedSystem/SharedSystem, Outputs:0, VendorId:0x1414
[2016.11.04-21.48.32:402][  0]LogD3D11RHI: Chosen D3D11 Adapter: 0
[2016.11.04-21.48.32:418][  0]LogD3D11RHI: Creating new Direct3DDevice
[2016.11.04-21.48.32:418][  0]LogD3D11RHI:     GPU DeviceId: 0x9851 (for the marketing name, search the web for "GPU Device Id")
[2016.11.04-21.48.32:418][  0]LogWindows: EnumDisplayDevices:
[2016.11.04-21.48.32:419][  0]LogWindows:    0. 'AMD Radeon(TM) R5 Graphics' (P:1 D:1)
[2016.11.04-21.48.32:420][  0]LogWindows:    1. 'AMD Radeon(TM) R5 Graphics' (P:0 D:0)
[2016.11.04-21.48.32:420][  0]LogWindows: DebugString: FoundDriverCount:2 
[2016.11.04-21.48.32:421][  0]LogD3D11RHI:     Adapter Name: AMD Radeon(TM) R5 Graphics
[2016.11.04-21.48.32:421][  0]LogD3D11RHI:   Driver Version: 13.350.1009.1001 (internal:13.350.1009.1001, unified:13.350.1009.1001)
[2016.11.04-21.48.32:421][  0]LogD3D11RHI:      Driver Date: 3-14-2014
[2016.11.04-21.48.32:421][  0]LogRHI: Texture pool is 1361 MB (70% of 1945 MB)
[2016.11.04-21.48.32:462][  0]LogD3D11RHI: Async texture creation enabled
[2016.11.04-21.48.32:497][  0]LogD3D11RHI: GPU Timing Frequency: 100.000000 (Debug: 2 1)
[2016.11.04-21.48.39:926][  0]LogWindowsTextInputMethodSystem:Display: IME system now deactivated.
[2016.11.04-21.48.39:929][  0]LogShaderCompilers: Guid format shader working directory is -43 characters bigger than the processId version (../../../../../../Users/Jesus/Documents/GitHub/TimeRacingGame-Learning-Project/TimeAttack/Intermediate/Shaders/WorkingDirectory/9640/).
[2016.11.04-21.48.39:929][  0]LogShaderCompilers: Cleaned the shader compiler working directory 'C:/Users/Jesus/AppData/Local/Temp/UnrealShaderWorkingDir/B4A46FEA404C8DD7B925199737D1486E/'.
[2016.11.04-21.48.39:930][  0]LogShaderCompilers:Display: Using Local Shader Compiler.
[2016.11.04-21.48.46:904][  0]LogTemp:Display: Loaded TP AllDesktopTargetPlatform
[2016.11.04-21.48.46:953][  0]LogTemp:Display: Loaded TP WindowsClientTargetPlatform
[2016.11.04-21.48.47:024][  0]LogTemp:Display: Loaded TP WindowsNoEditorTargetPlatform
[2016.11.04-21.48.47:076][  0]LogTemp:Display: Loaded TP WindowsServerTargetPlatform
[2016.11.04-21.48.47:125][  0]LogTemp:Display: Loaded TP WindowsTargetPlatform
[2016.11.04-21.48.47:206][  0]LogTemp:Display: Loaded TP AndroidTargetPlatform
[2016.11.04-21.48.47:291][  0]LogTemp:Display: Loaded TP Android_ASTCTargetPlatform
[2016.11.04-21.48.47:368][  0]LogTemp:Display: Loaded TP Android_ATCTargetPlatform
[2016.11.04-21.48.47:407][  0]LogTemp:Display: Loaded TP Android_DXTTargetPlatform
[2016.11.04-21.48.47:448][  0]LogTemp:Display: Loaded TP Android_ETC1TargetPlatform
[2016.11.04-21.48.47:483][  0]LogTemp:Display: Loaded TP Android_ETC2TargetPlatform
[2016.11.04-21.48.47:587][  0]LogTemp:Display: Loaded TP Android_MultiTargetPlatform
[2016.11.04-21.48.47:587][  0]LogTemp:Display: Loaded TP Android_PVRTCTargetPlatform
[2016.11.04-21.48.47:601][  0]LogTemp:Display: Loaded TP HTML5TargetPlatform
[2016.11.04-21.48.47:658][  0]LogTemp:Display: Loaded TP IOSTargetPlatform
[2016.11.04-21.48.47:744][  0]LogTemp:Display: Loaded TP TVOSTargetPlatform
[2016.11.04-21.48.47:792][  0]LogTemp:Display: Loaded TP LinuxClientTargetPlatform
[2016.11.04-21.48.47:841][  0]LogTemp:Display: Loaded TP LinuxNoEditorTargetPlatform
[2016.11.04-21.48.47:889][  0]LogTemp:Display: Loaded TP LinuxServerTargetPlatform
[2016.11.04-21.48.47:923][  0]LogTemp:Display: Loaded TP LinuxTargetPlatform
[2016.11.04-21.48.47:923][  0]LogTargetPlatformManager:Display: Building Assets For Windows
[2016.11.04-21.48.48:439][  0]LogDerivedDataCache:Display: Max Cache Size: 512 MB
[2016.11.04-21.48.48:830][  0]LogDerivedDataCache: Loaded boot cache 0.39s 62MB C:/Users/Jesus/AppData/Local/UnrealEngine/4.13/DerivedDataCache/Boot.ddc.
[2016.11.04-21.48.48:831][  0]LogDerivedDataCache:Display: Loaded Boot cache: C:/Users/Jesus/AppData/Local/UnrealEngine/4.13/DerivedDataCache/Boot.ddc
[2016.11.04-21.48.48:831][  0]LogDerivedDataCache: FDerivedDataBackendGraph:  Pak pak cache file ../../../../../../Users/Jesus/Documents/GitHub/TimeRacingGame-Learning-Project/TimeAttack/DerivedDataCache/DDC.ddp not found, will not use a pak cache.
[2016.11.04-21.48.48:831][  0]LogDerivedDataCache: Unable to find inner node Pak for hierarchical cache Hierarchy.
[2016.11.04-21.48.48:831][  0]LogDerivedDataCache: FDerivedDataBackendGraph:  CompressedPak pak cache file ../../../../../../Users/Jesus/Documents/GitHub/TimeRacingGame-Learning-Project/TimeAttack/DerivedDataCache/Compressed.ddp not found, will not use a pak cache.
[2016.11.04-21.48.48:831][  0]LogDerivedDataCache: Unable to find inner node CompressedPak for hierarchical cache Hierarchy.
[2016.11.04-21.48.48:958][  0]LogDerivedDataCache:Display: Pak cache opened for reading ../../../Engine/DerivedDataCache/Compressed.ddp.
[2016.11.04-21.48.48:976][  0]LogDerivedDataCache: Using Local data cache path C:/Users/Jesus/AppData/Local/UnrealEngine/Common/DerivedDataCache: Writable
[2016.11.04-21.48.50:443][  0]LogInit: Selected Device Profile: [Windows]
[2016.11.04-21.48.50:475][  0]LogContentStreaming: Texture pool size is 0.00 MB
[2016.11.04-21.48.50:993][  0]LogMeshUtilities: No automatic mesh reduction module available
[2016.11.04-21.48.50:993][  0]LogMeshUtilities: No automatic mesh merging module available
[2016.11.04-21.48.50:993][  0]LogMeshUtilities: No distributed automatic mesh merging module available
[2016.11.04-21.48.51:474][  0]LogMaterial: Uniform references updated for custom material expression Custom.
[2016.11.04-21.48.53:144][  0]LogNetVersion: GetLocalNetworkVersion: CL: 3106830, ProjectName: timeattack, ProjectVersion: , EngineNetworkVersion: 1, GameNetworkVersion: 0, NetworkChecksum: 3050629448
[2016.11.04-21.48.53:270][  0]LogAssetRegistry: FAssetRegistry took 0.0301 seconds to start up
[2016.11.04-21.48.53:362][  0]LogPackageLocalizationCache: Processed 3 localized package path(s) for 1 prioritized culture(s) in 0.081171 seconds
[2016.11.04-21.48.53:386][  0]LogUObjectArray: 29778 objects as part of root set at end of initial load.
[2016.11.04-21.48.53:386][  0]LogUObjectAllocator: 6125448 out of 0 bytes used by permanent object pool.
[2016.11.04-21.48.53:386][  0]LogUObjectArray: CloseDisregardForGC: 0/0 objects in disregard for GC pool
[2016.11.04-21.48.53:433][  0]LogInit: WinSock: version 1.1 (2.2), MaxSocks=32767, MaxUdp=65467
[2016.11.04-21.48.54:888][  0]LogSlate: SlateFontCache - WITH_FREETYPE: 1, WITH_HARFBUZZ: 1
[2016.11.04-21.48.54:888][  0]LogSlate: SlateFontCache - WITH_FREETYPE: 1, WITH_HARFBUZZ: 1
[2016.11.04-21.49.00:487][  0]LogTcpMessaging: Initializing TcpMessaging bridge
[2016.11.04-21.49.00:553][  0]LogUdpMessaging: Initializing bridge on interface 0.0.0.0:0 to multicast group 230.0.0.1:6666.
[2016.11.04-21.49.01:740][  0]SourceControl: Info Source control is disabled
[2016.11.04-21.49.01:745][  0]SourceControl: Info Source control is disabled
[2016.11.04-21.49.01:798][  0]SourceControl: Info Source control is disabled
[2016.11.04-21.49.01:842][  0]SourceControl: Info Source control is disabled
[2016.11.04-21.49.03:566][  0]LogEngine: Initializing Engine...
[2016.11.04-21.49.03:570][  0]LogHMD: Failed to initialize OpenVR with code 110
[2016.11.04-21.49.04:359][  0]LogAIModule: Creating AISystem for world Untitled
[2016.11.04-21.49.04:385][  0]LogInit: XAudio2 using 'Altavoz/Auricular (Realtek High Definition Audio)' : 2 channels at 48 kHz using 32 bits per sample (channel mask 0x3)
[2016.11.04-21.49.04:480][  0]LogInit: FAudioDevice initialized.
[2016.11.04-21.49.04:647][  0]LogDerivedDataCache: Saved boot cache 0.17s 62MB C:/Users/Jesus/AppData/Local/UnrealEngine/4.13/DerivedDataCache/Boot.ddc.
[2016.11.04-21.49.04:686][  0]LogInit: Texture streaming: Enabled
[2016.11.04-21.49.04:811][  0]LogInit: Transaction tracking system initialized
[2016.11.04-21.49.04:971][  0]BlueprintLog: New page: Editor Load
[2016.11.04-21.49.05:447][  0]LocalizationService: Info Localization service is disabled
[2016.11.04-21.49.07:127][  0]LogConsoleResponse:Display: 
[2016.11.04-21.49.07:758][  0]LogCook:Display: Max memory allowance for cook 16384mb min free memory 0mb
[2016.11.04-21.49.07:758][  0]LogCook:Display: Mobile HDR setting 1
[2016.11.04-21.49.08:327][  0]LogFileCache: Scanning file cache for directory 'C:/Users/Jesus/Documents/GitHub/TimeRacingGame-Learning-Project/TimeAttack/Content/' took 0.03s
[2016.11.04-21.49.08:729][  0]SourceControl: Info Source control is disabled
[2016.11.04-21.49.08:729][  0]Cmd: MAP LOAD FILE="../../../../../../Users/Jesus/Documents/GitHub/TimeRacingGame-Learning-Project/TimeAttack/Content/VehicleAdvBP/Maps/VehicleAdvExampleMap.umap" TEMPLATE=0 SHOWPROGRESS=1 FEATURELEVEL=3
[2016.11.04-21.49.08:732][  0]LightingResults: New page: Lighting Build
[2016.11.04-21.49.08:750][  0]MapCheck: New page: Map Check
[2016.11.04-21.49.08:751][  0]LightingResults: New page: Lighting Build
[2016.11.04-21.49.15:117][  0]LogAIModule: Creating AISystem for world VehicleAdvExampleMap
[2016.11.04-21.49.15:796][  0]LogEditorServer: Finished looking for orphan Actors (0.000 secs)
[2016.11.04-21.49.15:799][  0]Cmd: MAP CHECKDEP NOCLEARLOG
[2016.11.04-21.49.16:368][  0]MapCheck: Info Map check complete: 0 Error(s), 0 Warning(s), took 569.105ms to complete.
[2016.11.04-21.49.16:369][  0]LogFileHelpers: Loading map 'VehicleAdvExampleMap' took 7.639
[2016.11.04-21.49.16:438][  0]LogWindowsTextInputMethodSystem:Display: IME system now deactivated.
[2016.11.04-21.49.16:880][  0]LogCollectionManager: Loaded 0 collections in 0.007128 seconds
[2016.11.04-21.49.16:947][  0]LogFileCache: Scanning file cache for directory 'C:/Users/Jesus/Documents/GitHub/TimeRacingGame-Learning-Project/TimeAttack/Saved/Collections/' took 0.01s
[2016.11.04-21.49.16:947][  0]LogFileCache: Scanning file cache for directory 'C:/Users/Jesus/Documents/GitHub/TimeRacingGame-Learning-Project/TimeAttack/Content/Developers/Jesus/Collections/' took 0.01s
[2016.11.04-21.49.16:947][  0]LogFileCache: Scanning file cache for directory 'C:/Users/Jesus/Documents/GitHub/TimeRacingGame-Learning-Project/TimeAttack/Content/Collections/' took 0.01s
[2016.11.04-21.49.16:948][  0]LogCollectionManager: Rebuilt the GUID cache for 0 collections in 0.000008 seconds
[2016.11.04-21.49.16:993][  0]LogContentBrowser: Native class hierarchy populated in 0.0448 seconds. Added 2141 classes and 415 folders.
[2016.11.04-21.49.17:010][  0]LogStats: UGameplayTagsManager::ConstructGameplayTagTree: Construct from data asset -  0.000 s
[2016.11.04-21.49.17:010][  0]LogStats: UGameplayTagsManager::ConstructGameplayTagTree: GameplayTagTreeChangedEvent.Broadcast -  0.000 s
[2016.11.04-21.49.17:012][  0]LogContentBrowser: Native class hierarchy updated for 'GameplayTags' in 0.0021 seconds. Added 12 classes and 0 folders.
[2016.11.04-21.49.17:033][  0]LogContentBrowser: Native class hierarchy updated for 'WidgetCarousel' in 0.0017 seconds. Added 0 classes and 0 folders.
[2016.11.04-21.49.17:950][  0]LogContentBrowser: Native class hierarchy updated for 'AddContentDialog' in 0.0018 seconds. Added 0 classes and 0 folders.
[2016.11.04-21.49.18:363][  0]LogContentBrowser: Native class hierarchy updated for 'SceneOutliner' in 0.0039 seconds. Added 1 classes and 2 folders.
[2016.11.04-21.49.18:598][  0]LogCrashTracker: Crashtracker disabled due to settings.
[2016.11.04-21.49.18:621][  0]LogUObjectGlobals:Warning: Failed to find object 'Class None.'
[2016.11.04-21.49.18:682][  0]LogContentBrowser: Native class hierarchy updated for 'HierarchicalLODOutliner' in 0.0021 seconds. Added 1 classes and 2 folders.
[2016.11.04-21.49.18:684][  0]LogLoad: (Engine Initialization) Total time: 54.66 seconds
[2016.11.04-21.49.18:684][  0]LogLoad: (Engine Initialization) Total Blueprint compile time: 1.19 seconds
[2016.11.04-21.49.18:684][  0]LogExternalProfiler: Found external profiler: VSPerf
[2016.11.04-21.49.18:684][  0]LogExternalProfiler: Using external profiler: VSPerf
[2016.11.04-21.49.18:703][  0]LogOcInput: OculusInput pre-init called
[2016.11.04-21.49.18:733][  0]LogContentStreaming: Texture pool size now 400 MB
[2016.11.04-21.49.19:565][  0]LogRenderer: Reallocating scene render targets to support 856x372 (Frame:2).
[2016.11.04-21.49.22:439][  7]LogAssetRegistry: Asset discovery search completed in 29.1986 seconds
[2016.11.04-21.49.22:440][  7]LogCollectionManager: Rebuilt the object cache for 0 collections in 0.000002 seconds (found 0 objects)
[2016.11.04-21.49.22:440][  7]LogCollectionManager: Fixed up redirectors for 0 collections in 0.000090 seconds (updated 0 objects)
[2016.11.04-21.51.47:958][466]LogContentBrowser: Native class hierarchy updated for 'BlueprintGraph' in 0.0056 seconds. Added 112 classes and 0 folders.
[2016.11.04-21.55.07:878][745]LogEditorViewport: Clicking on Actor (LMB): Tracker_C (Tracker)
[2016.11.04-21.55.22:431][205]LogEditorViewport: Clicking on Actor (LMB): Tracker_C (Tracker)
[2016.11.04-21.57.55:556][308]BlueprintLog: New page: Compile Tracker
[2016.11.04-21.57.59:065][345]Cmd: OBJ SAVEPACKAGE PACKAGE="/Game/Blueprints/Tracker" FILE="../../../../../../Users/Jesus/Documents/GitHub/TimeRacingGame-Learning-Project/TimeAttack/Content/Blueprints/Tracker.uasset" SILENT=true
[2016.11.04-21.57.59:122][345]LogSavePackage: Save=34.35ms
[2016.11.04-21.57.59:122][345]LogSavePackage: Moving '../../../../../../Users/Jesus/Documents/GitHub/TimeRacingGame-Learning-Project/TimeAttack/Saved/Tracker4B5BBD2646F29309AE6827BA74871EA4.tmp' to '../../../../../../Users/Jesus/Documents/GitHub/TimeRacingGame-Learning-Project/TimeAttack/Content/Blueprints/Tracker.uasset'
[2016.11.04-21.57.59:130][345]LogSavePackage:Display: Finished SavePackage ../../../../../../Users/Jesus/Documents/GitHub/TimeRacingGame-Learning-Project/TimeAttack/Content/Blueprints/Tracker.uasset
[2016.11.04-21.58.13:298][695]LogEditorViewport: Clicking on Actor (LMB): Tracker_C (Tracker)
[2016.11.04-21.58.22:145][ 95]LogEditorViewport: Clicking on Component (LMB): BillboardComponent (Billboard)
[2016.11.04-21.58.24:532][193]LogEditorViewport: Clicking on Actor (LMB): Tracker_C (Tracker)
[2016.11.04-21.59.00:897][439]LogEditorViewport: Clicking on Actor (LMB): StaticMeshActor (AV_straight_full_41)
[2016.11.04-21.59.01:900][473]LogEditorViewport: Clicking on Actor (LMB): StaticMeshActor (AV_bump_wave_small)
[2016.11.04-21.59.02:837][511]LogEditorViewport: Clicking on Actor (LMB): Tracker_C (Tracker)
[2016.11.04-21.59.22:348][416]LogEditorViewport: Clicking on Actor (LMB): Tracker_C (Tracker)
[2016.11.04-21.59.35:101][750]BlueprintLog: New page: Compile Tracker
[2016.11.04-21.59.36:353][771]Cmd: OBJ SAVEPACKAGE PACKAGE="/Game/Blueprints/Tracker" FILE="../../../../../../Users/Jesus/Documents/GitHub/TimeRacingGame-Learning-Project/TimeAttack/Content/Blueprints/Tracker.uasset" SILENT=true
[2016.11.04-21.59.36:401][771]LogSavePackage: Save=32.78ms
[2016.11.04-21.59.36:401][771]LogSavePackage: Moving '../../../../../../Users/Jesus/Documents/GitHub/TimeRacingGame-Learning-Project/TimeAttack/Saved/Tracker679D7A8449FCADA7736E6EB45A999AA2.tmp' to '../../../../../../Users/Jesus/Documents/GitHub/TimeRacingGame-Learning-Project/TimeAttack/Content/Blueprints/Tracker.uasset'
[2016.11.04-21.59.36:410][771]LogSavePackage:Display: Finished SavePackage ../../../../../../Users/Jesus/Documents/GitHub/TimeRacingGame-Learning-Project/TimeAttack/Content/Blueprints/Tracker.uasset
[2016.11.04-22.00.18:836][357]LogSavePackage: Save=6254.24ms
[2016.11.04-22.00.18:836][357]LogSavePackage: Moving '../../../../../../Users/Jesus/Documents/GitHub/TimeRacingGame-Learning-Project/TimeAttack/Saved/VehicleAdvExampleMap_Auto15FFFF49C4420028633E9B28A97A6CD77.tmp' to '../../../../../../Users/Jesus/Documents/GitHub/TimeRacingGame-Learning-Project/TimeAttack/Saved/Autosaves/Game/VehicleAdvBP/Maps/VehicleAdvExampleMap_Auto1.umap'
[2016.11.04-22.00.18:848][357]LogSavePackage:Display: Finished SavePackage ../../../../../../Users/Jesus/Documents/GitHub/TimeRacingGame-Learning-Project/TimeAttack/Saved/Autosaves/Game/VehicleAdvBP/Maps/VehicleAdvExampleMap_Auto1.umap
[2016.11.04-22.00.18:868][357]LogFileHelpers: Editor autosave (incl. sublevels) for '/Game/VehicleAdvBP/Maps/VehicleAdvExampleMap' took 6.579
[2016.11.04-22.00.18:868][357]LogFileHelpers: Editor autosave (incl. sublevels) for all levels took 6.579
[2016.11.04-22.04.38:693][ 21]LogClass:Warning: Type mismatch in LevelMusic of SKEL_Tracker_C - Previous (StrProperty) Current(ObjectProperty) for package:  FObjectReader
[2016.11.04-22.06.25:851][381]BlueprintLog: New page: Compile Tracker
[2016.11.04-22.09.35:447][540]BlueprintLog: New page: Compile Tracker
[2016.11.04-22.09.36:998][557]Cmd: OBJ SAVEPACKAGE PACKAGE="/Game/Blueprints/Tracker" FILE="../../../../../../Users/Jesus/Documents/GitHub/TimeRacingGame-Learning-Project/TimeAttack/Content/Blueprints/Tracker.uasset" SILENT=true
[2016.11.04-22.09.37:089][557]LogSavePackage: Save=67.55ms
[2016.11.04-22.09.37:089][557]LogSavePackage: Moving '../../../../../../Users/Jesus/Documents/GitHub/TimeRacingGame-Learning-Project/TimeAttack/Saved/Tracker2A2533034D792F46F6E8C4AC8BFFC1CE.tmp' to '../../../../../../Users/Jesus/Documents/GitHub/TimeRacingGame-Learning-Project/TimeAttack/Content/Blueprints/Tracker.uasset'
[2016.11.04-22.09.37:100][557]LogSavePackage:Display: Finished SavePackage ../../../../../../Users/Jesus/Documents/GitHub/TimeRacingGame-Learning-Project/TimeAttack/Content/Blueprints/Tracker.uasset
[2016.11.04-22.09.47:578][718]LogEditorViewport: Clicking on Actor (LMB): Tracker_C (Tracker)
[2016.11.04-22.10.50:401][790]LogSavePackage: Save=7018.33ms
[2016.11.04-22.10.50:401][790]LogSavePackage: Moving '../../../../../../Users/Jesus/Documents/GitHub/TimeRacingGame-Learning-Project/TimeAttack/Saved/VehicleAdvExampleMap_Auto25D962C1149C9C5B2E9AA808EE54E3396.tmp' to '../../../../../../Users/Jesus/Documents/GitHub/TimeRacingGame-Learning-Project/TimeAttack/Saved/Autosaves/Game/VehicleAdvBP/Maps/VehicleAdvExampleMap_Auto2.umap'
[2016.11.04-22.10.50:451][790]LogSavePackage:Display: Finished SavePackage ../../../../../../Users/Jesus/Documents/GitHub/TimeRacingGame-Learning-Project/TimeAttack/Saved/Autosaves/Game/VehicleAdvBP/Maps/VehicleAdvExampleMap_Auto2.umap
[2016.11.04-22.10.50:465][790]LogFileHelpers: Editor autosave (incl. sublevels) for '/Game/VehicleAdvBP/Maps/VehicleAdvExampleMap' took 7.294
[2016.11.04-22.10.50:465][790]LogFileHelpers: Editor autosave (incl. sublevels) for all levels took 7.294
[2016.11.04-22.11.15:300][ 85]LogEditorViewport: Clicking on Actor (LMB): Tracker_C (Tracker)
[2016.11.04-22.11.38:721][931]LogEditorViewport: Clicking on Actor (LMB): Tracker_C (Tracker)
[2016.11.04-22.11.53:573][660]LogEditorViewport: Clicking on Actor (LMB): AmbientSound (Blueprints_TextPop03)
[2016.11.04-22.11.55:030][719]LogEditorViewport: Clicking on Actor (LMB): Tracker_C (Tracker)
[2016.11.04-22.13.27:284][896]BlueprintLog: New page: Compile Tracker
[2016.11.04-22.13.29:137][916]Cmd: OBJ SAVEPACKAGE PACKAGE="/Game/Blueprints/Tracker" FILE="../../../../../../Users/Jesus/Documents/GitHub/TimeRacingGame-Learning-Project/TimeAttack/Content/Blueprints/Tracker.uasset" SILENT=true
[2016.11.04-22.13.29:196][916]LogSavePackage: Save=40.93ms
[2016.11.04-22.13.29:196][916]LogSavePackage: Moving '../../../../../../Users/Jesus/Documents/GitHub/TimeRacingGame-Learning-Project/TimeAttack/Saved/TrackerF341817043CF533F425E3E86172C8DA6.tmp' to '../../../../../../Users/Jesus/Documents/GitHub/TimeRacingGame-Learning-Project/TimeAttack/Content/Blueprints/Tracker.uasset'
[2016.11.04-22.13.29:207][916]LogSavePackage:Display: Finished SavePackage ../../../../../../Users/Jesus/Documents/GitHub/TimeRacingGame-Learning-Project/TimeAttack/Content/Blueprints/Tracker.uasset
[2016.11.04-22.17.06:047][918]BlueprintLog: New page: Compile Tracker
[2016.11.04-22.17.07:905][932]Cmd: OBJ SAVEPACKAGE PACKAGE="/Game/Blueprints/Tracker" FILE="../../../../../../Users/Jesus/Documents/GitHub/TimeRacingGame-Learning-Project/TimeAttack/Content/Blueprints/Tracker.uasset" SILENT=true
[2016.11.04-22.17.07:997][932]LogSavePackage: Save=64.04ms
[2016.11.04-22.17.07:997][932]LogSavePackage: Moving '../../../../../../Users/Jesus/Documents/GitHub/TimeRacingGame-Learning-Project/TimeAttack/Saved/TrackerD0795253434540C05197A68E7E301D7B.tmp' to '../../../../../../Users/Jesus/Documents/GitHub/TimeRacingGame-Learning-Project/TimeAttack/Content/Blueprints/Tracker.uasset'
[2016.11.04-22.17.08:007][932]LogSavePackage:Display: Finished SavePackage ../../../../../../Users/Jesus/Documents/GitHub/TimeRacingGame-Learning-Project/TimeAttack/Content/Blueprints/Tracker.uasset
[2016.11.04-22.17.13:578][ 31]LogEditorViewport: Clicking on Actor (LMB): Tracker_C (Tracker)
[2016.11.04-22.17.24:855][314]BlueprintLog: New page: Compile Tracker
[2016.11.04-22.17.26:063][325]Cmd: OBJ SAVEPACKAGE PACKAGE="/Game/Blueprints/Tracker" FILE="../../../../../../Users/Jesus/Documents/GitHub/TimeRacingGame-Learning-Project/TimeAttack/Content/Blueprints/Tracker.uasset" SILENT=true
[2016.11.04-22.17.26:136][325]LogSavePackage: Save=48.73ms
[2016.11.04-22.17.26:136][325]LogSavePackage: Moving '../../../../../../Users/Jesus/Documents/GitHub/TimeRacingGame-Learning-Project/TimeAttack/Saved/Tracker34777CC743EBCFCB3B0F7E86D90BDD10.tmp' to '../../../../../../Users/Jesus/Documents/GitHub/TimeRacingGame-Learning-Project/TimeAttack/Content/Blueprints/Tracker.uasset'
[2016.11.04-22.17.26:148][325]LogSavePackage:Display: Finished SavePackage ../../../../../../Users/Jesus/Documents/GitHub/TimeRacingGame-Learning-Project/TimeAttack/Content/Blueprints/Tracker.uasset
[2016.11.04-22.18.55:863][183]LogEditorViewport: Clicking on Actor (LMB): BlockingVolume (BlockingVolume11)
[2016.11.04-22.18.56:363][196]LogEditorViewport: Clicking on Actor (LMB): Tracker_C (Tracker)
[2016.11.04-22.19.53:505][940]LogClass:Warning: Type mismatch in Checkpoint of SKEL_Tracker_C - Previous (StructProperty) Current(ObjectProperty) for package:  FObjectReader
[2016.11.04-22.20.10:798][384]BlueprintLog: New page: Compile Tracker
[2016.11.04-22.20.12:393][400]Cmd: OBJ SAVEPACKAGE PACKAGE="/Game/Blueprints/Tracker" FILE="../../../../../../Users/Jesus/Documents/GitHub/TimeRacingGame-Learning-Project/TimeAttack/Content/Blueprints/Tracker.uasset" SILENT=true
[2016.11.04-22.20.12:452][400]LogSavePackage: Save=42.01ms
[2016.11.04-22.20.12:452][400]LogSavePackage: Moving '../../../../../../Users/Jesus/Documents/GitHub/TimeRacingGame-Learning-Project/TimeAttack/Saved/TrackerB569A55F43E1329C543FEAA47C267336.tmp' to '../../../../../../Users/Jesus/Documents/GitHub/TimeRacingGame-Learning-Project/TimeAttack/Content/Blueprints/Tracker.uasset'
[2016.11.04-22.20.12:463][400]LogSavePackage:Display: Finished SavePackage ../../../../../../Users/Jesus/Documents/GitHub/TimeRacingGame-Learning-Project/TimeAttack/Content/Blueprints/Tracker.uasset
[2016.11.04-22.21.02:100][676]LogSavePackage: Save=10227.89ms
[2016.11.04-22.21.02:101][676]LogSavePackage: Moving '../../../../../../Users/Jesus/Documents/GitHub/TimeRacingGame-Learning-Project/TimeAttack/Saved/VehicleAdvExampleMap_Auto36ABD2D964CDCFC6908FB61BEDC57D75C.tmp' to '../../../../../../Users/Jesus/Documents/GitHub/TimeRacingGame-Learning-Project/TimeAttack/Saved/Autosaves/Game/VehicleAdvBP/Maps/VehicleAdvExampleMap_Auto3.umap'
[2016.11.04-22.21.02:125][676]LogSavePackage:Display: Finished SavePackage ../../../../../../Users/Jesus/Documents/GitHub/TimeRacingGame-Learning-Project/TimeAttack/Saved/Autosaves/Game/VehicleAdvBP/Maps/VehicleAdvExampleMap_Auto3.umap
[2016.11.04-22.21.02:139][676]LogFileHelpers: Editor autosave (incl. sublevels) for '/Game/VehicleAdvBP/Maps/VehicleAdvExampleMap' took 10.717
[2016.11.04-22.21.02:140][676]LogFileHelpers: Editor autosave (incl. sublevels) for all levels took 10.717
[2016.11.04-22.26.39:179][855]BlueprintLog: New page: Compile Tracker
[2016.11.04-22.26.40:385][859]BlueprintLog: New page: Compile Tracker
[2016.11.04-22.26.40:995][862]Cmd: OBJ SAVEPACKAGE PACKAGE="/Game/Blueprints/Tracker" FILE="../../../../../../Users/Jesus/Documents/GitHub/TimeRacingGame-Learning-Project/TimeAttack/Content/Blueprints/Tracker.uasset" SILENT=true
[2016.11.04-22.26.41:087][862]LogSavePackage: Save=51.49ms
[2016.11.04-22.26.41:087][862]LogSavePackage: Moving '../../../../../../Users/Jesus/Documents/GitHub/TimeRacingGame-Learning-Project/TimeAttack/Saved/Tracker07C7AA9B400DA7250995A2A768291FBA.tmp' to '../../../../../../Users/Jesus/Documents/GitHub/TimeRacingGame-Learning-Project/TimeAttack/Content/Blueprints/Tracker.uasset'
[2016.11.04-22.26.41:095][862]LogSavePackage:Display: Finished SavePackage ../../../../../../Users/Jesus/Documents/GitHub/TimeRacingGame-Learning-Project/TimeAttack/Content/Blueprints/Tracker.uasset
[2016.11.04-22.27.20:408][120]LogSavePackage: Save=4596.59ms
[2016.11.04-22.27.20:408][120]LogSavePackage: Moving '../../../../../../Users/Jesus/Documents/GitHub/TimeRacingGame-Learning-Project/TimeAttack/Saved/VehicleAdvExampleMap4E4F977E4F8EE7758AF4AB8B5F1435F1.tmp' to '../../../../../../Users/Jesus/Documents/GitHub/TimeRacingGame-Learning-Project/TimeAttack/Content/VehicleAdvBP/Maps/VehicleAdvExampleMap.umap'
[2016.11.04-22.27.20:429][120]LogSavePackage:Display: Finished SavePackage ../../../../../../Users/Jesus/Documents/GitHub/TimeRacingGame-Learning-Project/TimeAttack/Content/VehicleAdvBP/Maps/VehicleAdvExampleMap.umap
[2016.11.04-22.27.32:952][286]LogSavePackage: Save=6870.59ms
[2016.11.04-22.27.32:953][286]LogSavePackage: Moving '../../../../../../Users/Jesus/Documents/GitHub/TimeRacingGame-Learning-Project/TimeAttack/Saved/VehicleAdvExampleMap0BAEC2C1430AC07C4DDF73B858EE3688.tmp' to '../../../../../../Users/Jesus/Documents/GitHub/TimeRacingGame-Learning-Project/TimeAttack/Content/VehicleAdvBP/Maps/VehicleAdvExampleMap.umap'
[2016.11.04-22.27.33:051][286]LogSavePackage:Display: Finished SavePackage ../../../../../../Users/Jesus/Documents/GitHub/TimeRacingGame-Learning-Project/TimeAttack/Content/VehicleAdvBP/Maps/VehicleAdvExampleMap.umap
[2016.11.04-22.30.35:670][ 76]LogPlayLevel: PlayLevel: No blueprints needed recompiling
[2016.11.04-22.30.35:672][ 76]PIE: New page: PIE session: VehicleAdvExampleMap (Nov 4, 2016, 3:30:35 PM)
[2016.11.04-22.30.35:672][ 76]LogPlayLevel: Creating play world package: /Game/VehicleAdvBP/Maps/UEDPIE_0_VehicleAdvExampleMap
[2016.11.04-22.30.35:853][ 76]LogPlayLevel: PIE: StaticDuplicateObject took: (0.181163s)
[2016.11.04-22.30.35:856][ 76]LogAIModule: Creating AISystem for world VehicleAdvExampleMap
[2016.11.04-22.30.35:857][ 76]LogPlayLevel: PIE: World Init took: (0.003322s)
[2016.11.04-22.30.35:858][ 76]LogPlayLevel: PIE: Created PIE world by copying editor world from /Game/VehicleAdvBP/Maps/VehicleAdvExampleMap.VehicleAdvExampleMap to /Game/VehicleAdvBP/Maps/UEDPIE_0_VehicleAdvExampleMap.VehicleAdvExampleMap (0.185594s)
[2016.11.04-22.30.35:920][ 76]LogInit: XAudio2 using 'Altavoz/Auricular (Realtek High Definition Audio)' : 2 channels at 48 kHz using 32 bits per sample (channel mask 0x3)
[2016.11.04-22.30.35:959][ 76]LogInit: FAudioDevice initialized.
[2016.11.04-22.30.36:271][ 76]LogWorld: Game class is 'VehicleAdvGameMode_C'
[2016.11.04-22.30.36:356][ 76]LogWorld: Bringing World /Game/VehicleAdvBP/Maps/UEDPIE_0_VehicleAdvExampleMap.VehicleAdvExampleMap up for play (max tick rate 60) at 2016.11.04-19.30.36
[2016.11.04-22.30.36:359][ 76]LogWorld: Bringing up level for play took: 0.074059
[2016.11.04-22.30.36:374][ 76]LogContentBrowser: Native class hierarchy updated for 'MovieSceneCapture' in 0.0019 seconds. Added 11 classes and 0 folders.
[2016.11.04-22.30.36:374][ 76]LogGameMode:Display: Match State Changed from EnteringMap to WaitingToStart
[2016.11.04-22.30.36:374][ 76]LogGameState: Match State Changed from EnteringMap to WaitingToStart
[2016.11.04-22.30.36:374][ 76]LogGameMode:Display: Match State Changed from WaitingToStart to InProgress
[2016.11.04-22.30.36:378][ 76]LogGameState: Match State Changed from WaitingToStart to InProgress
[2016.11.04-22.30.36:378][ 76]PIE: Info Play in editor start time for /Game/VehicleAdvBP/Maps/UEDPIE_0_VehicleAdvExampleMap 0.129
[2016.11.04-22.45.46:584][123]LogSavePackage: Save=4035.14ms
[2016.11.04-22.45.46:584][123]LogSavePackage: Moving '../../../../../../Users/Jesus/Documents/GitHub/TimeRacingGame-Learning-Project/TimeAttack/Saved/VehicleAdvExampleMap_Auto4669C404F4C8E9B5D88D2EBAC9F3A8380.tmp' to '../../../../../../Users/Jesus/Documents/GitHub/TimeRacingGame-Learning-Project/TimeAttack/Saved/Autosaves/Game/VehicleAdvBP/Maps/VehicleAdvExampleMap_Auto4.umap'
[2016.11.04-22.45.46:590][123]LogSavePackage:Display: Finished SavePackage ../../../../../../Users/Jesus/Documents/GitHub/TimeRacingGame-Learning-Project/TimeAttack/Saved/Autosaves/Game/VehicleAdvBP/Maps/VehicleAdvExampleMap_Auto4.umap
[2016.11.04-22.45.46:596][123]LogFileHelpers: Editor autosave (incl. sublevels) for '/Game/VehicleAdvBP/Maps/VehicleAdvExampleMap' took 5.826
[2016.11.04-22.45.46:596][123]LogFileHelpers: Editor autosave (incl. sublevels) for all levels took 5.826
[2016.11.04-22.45.46:603][123]OBJ SavePackage: Generating thumbnails for [0] asset(s) in package [/Game/Blueprints/Tracker] ([1] browsable assets)...
[2016.11.04-22.45.46:603][123]OBJ SavePackage: Finished generating thumbnails for package [/Game/Blueprints/Tracker]
[2016.11.04-22.45.46:734][123]LogSavePackage: Save=48.77ms
[2016.11.04-22.45.46:734][123]LogSavePackage: Moving '../../../../../../Users/Jesus/Documents/GitHub/TimeRacingGame-Learning-Project/TimeAttack/Saved/Tracker_Auto4782A553E489A974E0EDE13B019711D9E.tmp' to '../../../../../../Users/Jesus/Documents/GitHub/TimeRacingGame-Learning-Project/TimeAttack/Saved/Autosaves/Game/Blueprints/Tracker_Auto4.uasset'
[2016.11.04-22.45.46:743][123]LogSavePackage:Display: Finished SavePackage ../../../../../../Users/Jesus/Documents/GitHub/TimeRacingGame-Learning-Project/TimeAttack/Saved/Autosaves/Game/Blueprints/Tracker_Auto4.uasset
[2016.11.04-22.45.46:743][123]LogFileHelpers: Auto-saving content packages took 0.143
[2016.11.05-00.41.03:174][506]LogSavePackage: Save=3161.85ms
[2016.11.05-00.41.03:174][506]LogSavePackage: Moving '../../../../../../Users/Jesus/Documents/GitHub/TimeRacingGame-Learning-Project/TimeAttack/Saved/VehicleAdvExampleMapDBA1E3B24AD0BA5500FEE685E2313DA8.tmp' to '../../../../../../Users/Jesus/Documents/GitHub/TimeRacingGame-Learning-Project/TimeAttack/Content/VehicleAdvBP/Maps/VehicleAdvExampleMap.umap'
[2016.11.05-00.41.03:190][506]LogSavePackage:Display: Finished SavePackage ../../../../../../Users/Jesus/Documents/GitHub/TimeRacingGame-Learning-Project/TimeAttack/Content/VehicleAdvBP/Maps/VehicleAdvExampleMap.umap
[2016.11.05-00.41.07:479][572]Cmd: OBJ SAVEPACKAGE PACKAGE="/Game/Blueprints/Tracker" FILE="../../../../../../Users/Jesus/Documents/GitHub/TimeRacingGame-Learning-Project/TimeAttack/Content/Blueprints/Tracker.uasset" SILENT=true
[2016.11.05-00.41.07:583][572]LogSavePackage: Save=45.38ms
[2016.11.05-00.41.07:583][572]LogSavePackage: Moving '../../../../../../Users/Jesus/Documents/GitHub/TimeRacingGame-Learning-Project/TimeAttack/Saved/Tracker9938D73B4A87797A8FFD3D9C11CB6A43.tmp' to '../../../../../../Users/Jesus/Documents/GitHub/TimeRacingGame-Learning-Project/TimeAttack/Content/Blueprints/Tracker.uasset'
[2016.11.05-00.41.07:593][572]LogSavePackage:Display: Finished SavePackage ../../../../../../Users/Jesus/Documents/GitHub/TimeRacingGame-Learning-Project/TimeAttack/Content/Blueprints/Tracker.uasset
[2016.11.05-00.41.08:091][572]LogWindowsTextInputMethodSystem:Display: IME system now deactivated.
[2016.11.05-00.41.09:099][573]Cmd: QUIT_EDITOR
[2016.11.05-00.41.11:103][573]LogExit: Preparing to exit.
[2016.11.05-00.41.12:788][573]LogDirectoryWatcher: A directory notification for 'C:/Users/Jesus/Documents/GitHub/TimeRacingGame-Learning-Project/TimeAttack/Content/' was aborted.
[2016.11.05-00.41.13:617][573]LogExit: Editor shut down
[2016.11.05-00.41.13:618][573]LogExit: Transaction tracking system shut down
[2016.11.05-00.41.19:013][573]LogObj: Freed 0b from 0 cluster array pools.
[2016.11.05-00.41.19:014][573]LogExit: Object subsystem successfully closed.
[2016.11.05-00.41.19:436][573]LogD3D11RHI: Shutdown
[2016.11.05-00.41.19:436][573]LogD3D11RHI: CleanupD3DDevice
[2016.11.05-00.41.19:704][573]LogD3D11RHI: ~FD3D11DynamicRHI
[2016.11.05-00.41.21:671][573]LogModuleManager: Shutting down and abandoning module MovieSceneCapture (236)
[2016.11.05-00.41.21:671][573]LogModuleManager: Shutting down and abandoning module BlueprintGraph (235)
[2016.11.05-00.41.21:671][573]LogModuleManager: Shutting down and abandoning module BlueprintProfiler (234)
[2016.11.05-00.41.21:760][573]LogModuleManager: Shutting down and abandoning module HierarchicalLODOutliner (233)
[2016.11.05-00.41.21:819][573]LogModuleManager: Shutting down and abandoning module CrashTracker (232)
[2016.11.05-00.41.21:848][573]LogModuleManager: Shutting down and abandoning module SceneOutliner (231)
[2016.11.05-00.41.21:848][573]LogModuleManager: Shutting down and abandoning module WidgetCarousel (230)
[2016.11.05-00.41.21:848][573]LogModuleManager: Shutting down and abandoning module AddContentDialog (229)
[2016.11.05-00.41.21:876][573]LogDirectoryWatcher: A directory notification for 'C:/Program Files (x86)/Epic Games/4.13/FeaturePacks/' was aborted.
[2016.11.05-00.41.21:914][573]LogModuleManager: Shutting down and abandoning module GameplayTags (228)
[2016.11.05-00.41.21:914][573]LogModuleManager: Shutting down and abandoning module EditorWidgets (227)
[2016.11.05-00.41.21:914][573]LogModuleManager: Shutting down and abandoning module CollectionManager (226)
[2016.11.05-00.41.21:953][573]LogDirectoryWatcher: A directory notification for 'C:/Users/Jesus/Documents/GitHub/TimeRacingGame-Learning-Project/TimeAttack/Content/Collections/' was aborted.
[2016.11.05-00.41.21:953][573]LogDirectoryWatcher: A directory notification for 'C:/Users/Jesus/Documents/GitHub/TimeRacingGame-Learning-Project/TimeAttack/Content/Developers/Jesus/Collections/' was aborted.
[2016.11.05-00.41.21:954][573]LogDirectoryWatcher: A directory notification for 'C:/Users/Jesus/Documents/GitHub/TimeRacingGame-Learning-Project/TimeAttack/Saved/Collections/' was aborted.
[2016.11.05-00.41.21:954][573]LogModuleManager: Shutting down and abandoning module StatsViewer (225)
[2016.11.05-00.41.22:010][573]LogModuleManager: Shutting down and abandoning module FoliageEdit (224)
[2016.11.05-00.41.22:063][573]LogModuleManager: Shutting down and abandoning module LandscapeEditor (223)
[2016.11.05-00.41.22:087][573]LogModuleManager: Shutting down and abandoning module SceneDepthPickerMode (222)
[2016.11.05-00.41.22:087][573]LogModuleManager: Shutting down and abandoning module ActorPickerMode (221)
[2016.11.05-00.41.22:087][573]LogModuleManager: Shutting down and abandoning module GeometryMode (220)
[2016.11.05-00.41.22:087][573]LogModuleManager: Shutting down and abandoning module TextureAlignMode (219)
[2016.11.05-00.41.22:087][573]LogModuleManager: Shutting down and abandoning module BspMode (218)
[2016.11.05-00.41.22:102][573]LogModuleManager: Shutting down and abandoning module HardwareSurvey (217)
[2016.11.05-00.41.22:109][573]LogModuleManager: Shutting down and abandoning module SequenceRecorderSections (216)
[2016.11.05-00.41.22:109][573]LogModuleManager: Shutting down and abandoning module SequenceRecorder (215)
[2016.11.05-00.41.22:211][573]LogModuleManager: Shutting down and abandoning module AutomationWorker (214)
[2016.11.05-00.41.22:231][573]LogModuleManager: Shutting down and abandoning module MatineeToLevelSequence (213)
[2016.11.05-00.41.22:250][573]LogModuleManager: Shutting down and abandoning module PlacementMode (212)
[2016.11.05-00.41.22:261][573]LogModuleManager: Shutting down and abandoning module LevelSequenceEditor (211)
[2016.11.05-00.41.22:342][573]LogModuleManager: Shutting down and abandoning module WmfMediaFactory (210)
[2016.11.05-00.41.22:342][573]LogModuleManager: Shutting down and abandoning module WmfMediaEditor (209)
[2016.11.05-00.41.22:342][573]LogModuleManager: Shutting down and abandoning module AvfMediaFactory (208)
[2016.11.05-00.41.22:342][573]LogModuleManager: Shutting down and abandoning module AvfMediaEditor (207)
[2016.11.05-00.41.22:342][573]LogModuleManager: Shutting down and abandoning module Media (206)
[2016.11.05-00.41.22:342][573]LogModuleManager: Shutting down and abandoning module AndroidMediaFactory (205)
[2016.11.05-00.41.22:342][573]LogModuleManager: Shutting down and abandoning module AndroidMediaEditor (204)
[2016.11.05-00.41.22:342][573]LogModuleManager: Shutting down and abandoning module CharacterAI (203)
[2016.11.05-00.41.22:342][573]LogModuleManager: Shutting down and abandoning module SmartSnapping (202)
[2016.11.05-00.41.22:342][573]LogModuleManager: Shutting down and abandoning module SessionServices (201)
[2016.11.05-00.41.22:342][573]LogModuleManager: Shutting down and abandoning module ViewportSnapping (200)
[2016.11.05-00.41.22:342][573]LogModuleManager: Shutting down and abandoning module ViewportInteraction (199)
[2016.11.05-00.41.22:342][573]LogModuleManager: Shutting down and abandoning module LogVisualizer (198)
[2016.11.05-00.41.22:359][573]LogModuleManager: Shutting down and abandoning module GameProjectGeneration (197)
[2016.11.05-00.41.22:512][573]LogModuleManager: Shutting down and abandoning module IntroTutorials (196)
[2016.11.05-00.41.22:527][573]LogModuleManager: Shutting down and abandoning module EditorLiveStreaming (195)
[2016.11.05-00.41.22:527][573]LogModuleManager: Shutting down and abandoning module IOSPlatformEditor (194)
[2016.11.05-00.41.22:535][573]LogModuleManager: Shutting down and abandoning module HTML5PlatformEditor (193)
[2016.11.05-00.41.22:535][573]LogModuleManager: Shutting down and abandoning module AndroidDeviceDetection (192)
[2016.11.05-00.41.22:978][573]LogModuleManager: Shutting down and abandoning module AndroidPlatformEditor (191)
[2016.11.05-00.41.22:994][573]LogModuleManager: Shutting down and abandoning module IOSRuntimeSettings (190)
[2016.11.05-00.41.22:994][573]LogModuleManager: Shutting down and abandoning module AndroidRuntimeSettings (189)
[2016.11.05-00.41.22:994][573]LogModuleManager: Shutting down and abandoning module NiagaraEditor (188)
[2016.11.05-00.41.23:031][573]LogModuleManager: Shutting down and abandoning module MergeActors (187)
[2016.11.05-00.41.23:051][573]LogModuleManager: Shutting down and abandoning module SizeMap (186)
[2016.11.05-00.41.23:087][573]LogModuleManager: Shutting down and abandoning module TreeMap (185)
[2016.11.05-00.41.23:127][573]LogModuleManager: Shutting down and abandoning module ReferenceViewer (184)
[2016.11.05-00.41.23:127][573]LogModuleManager: Shutting down and abandoning module LocalizationService (183)
[2016.11.05-00.41.23:134][573]LogModuleManager: Shutting down and abandoning module LocalizationDashboard (182)
[2016.11.05-00.41.23:153][573]LogModuleManager: Shutting down and abandoning module HardwareTargeting (181)
[2016.11.05-00.41.23:160][573]LogModuleManager: Shutting down and abandoning module DeviceProfileEditor (180)
[2016.11.05-00.41.23:251][573]LogModuleManager: Shutting down and abandoning module UndoHistory (179)
[2016.11.05-00.41.23:283][573]LogModuleManager: Shutting down and abandoning module UserFeedback (178)
[2016.11.05-00.41.23:283][573]LogModuleManager: Shutting down and abandoning module XmlParser (177)
[2016.11.05-00.41.23:290][573]LogModuleManager: Shutting down and abandoning module Blutility (176)
[2016.11.05-00.41.23:334][573]LogModuleManager: Shutting down and abandoning module ProjectTargetPlatformEditor (175)
[2016.11.05-00.41.23:359][573]LogModuleManager: Shutting down and abandoning module ProjectSettingsViewer (174)
[2016.11.05-00.41.23:359][573]LogModuleManager: Shutting down and abandoning module InputBindingEditor (173)
[2016.11.05-00.41.23:445][573]LogModuleManager: Shutting down and abandoning module EditorSettingsViewer (172)
[2016.11.05-00.41.23:446][573]LogModuleManager: Shutting down and abandoning module SettingsEditor (171)
[2016.11.05-00.41.23:465][573]LogModuleManager: Shutting down and abandoning module ProjectLauncher (170)
[2016.11.05-00.41.23:498][573]LogModuleManager: Shutting down and abandoning module SessionFrontend (169)
[2016.11.05-00.41.23:518][573]LogModuleManager: Shutting down and abandoning module ProfilerClient (168)
[2016.11.05-00.41.23:539][573]LogModuleManager: Shutting down and abandoning module TargetDeviceServices (167)
[2016.11.05-00.41.23:539][573]LogModuleManager: Shutting down and abandoning module DeviceManager (166)
[2016.11.05-00.41.23:687][573]LogModuleManager: Shutting down and abandoning module AutomationController (165)
[2016.11.05-00.41.23:739][573]LogModuleManager: Shutting down and abandoning module AutomationWindow (164)
[2016.11.05-00.41.23:803][573]LogModuleManager: Shutting down and abandoning module Layers (163)
[2016.11.05-00.41.23:851][573]LogModuleManager: Shutting down and abandoning module ComponentVisualizers (162)
[2016.11.05-00.41.23:851][573]LogModuleManager: Shutting down and abandoning module DetailCustomizations (161)
[2016.11.05-00.41.23:851][573]LogModuleManager: Shutting down and abandoning module PackagesDialog (160)
[2016.11.05-00.41.23:852][573]LogModuleManager: Shutting down and abandoning module AnimGraph (159)
[2016.11.05-00.41.23:852][573]LogModuleManager: Shutting down and abandoning module Persona (158)
[2016.11.05-00.41.23:908][573]LogModuleManager: Shutting down and abandoning module Kismet (157)
[2016.11.05-00.41.23:946][573]LogModuleManager: Shutting down and abandoning module GraphEditor (156)
[2016.11.05-00.41.23:947][573]LogModuleManager: Shutting down and abandoning module ClassViewer (155)
[2016.11.05-00.41.23:976][573]LogModuleManager: Shutting down and abandoning module Toolbox (154)
[2016.11.05-00.41.23:990][573]LogModuleManager: Shutting down and abandoning module ModuleUI (153)
[2016.11.05-00.41.24:000][573]LogModuleManager: Shutting down and abandoning module MovieSceneTools (152)
[2016.11.05-00.41.24:036][573]LogModuleManager: Shutting down and abandoning module OutputLog (151)
[2016.11.05-00.41.24:045][573]LogModuleManager: Shutting down and abandoning module GammaUI (150)
[2016.11.05-00.41.24:085][573]LogModuleManager: Shutting down and abandoning module Documentation (149)
[2016.11.05-00.41.24:086][573]LogModuleManager: Shutting down and abandoning module Niagara (148)
[2016.11.05-00.41.24:101][573]LogModuleManager: Shutting down and abandoning module StreamingPauseRendering (147)
[2016.11.05-00.41.24:101][573]LogModuleManager: Shutting down and abandoning module AnalyticsET (146)
[2016.11.05-00.41.24:101][573]LogModuleManager: Shutting down and abandoning module PortalServices (145)
[2016.11.05-00.41.24:101][573]LogModuleManager: Shutting down and abandoning module PortalRpc (144)
[2016.11.05-00.41.24:101][573]LogModuleManager: Shutting down and abandoning module MessagingRpc (143)
[2016.11.05-00.41.24:101][573]LogModuleManager: Shutting down and abandoning module GameplayDebugger (142)
[2016.11.05-00.41.24:174][573]LogModuleManager: Shutting down and abandoning module AITestSuite (141)
[2016.11.05-00.41.24:183][573]LogModuleManager: Shutting down and abandoning module AIModule (140)
[2016.11.05-00.41.24:183][573]LogModuleManager: Shutting down and abandoning module ProfilerService (139)
[2016.11.05-00.41.24:239][573]LogModuleManager: Shutting down and abandoning module TaskGraph (138)
[2016.11.05-00.41.24:295][573]LogModuleManager: Shutting down and abandoning module SlateRemote (137)
[2016.11.05-00.41.24:295][573]LogModuleManager: Shutting down and abandoning module SteamVRController (136)
[2016.11.05-00.41.24:296][573]LogModuleManager: Shutting down and abandoning module SteamVR (135)
[2016.11.05-00.41.24:296][573]LogModuleManager: Shutting down and abandoning module ProceduralMeshComponentEditor (134)
[2016.11.05-00.41.24:309][573]LogModuleManager: Shutting down and abandoning module ProceduralMeshComponent (133)
[2016.11.05-00.41.24:309][573]LogModuleManager: Shutting down and abandoning module OculusLibrary (132)
[2016.11.05-00.41.24:321][573]LogModuleManager: Shutting down and abandoning module OculusInput (131)
[2016.11.05-00.41.24:321][573]LogModuleManager: Shutting down and abandoning module CustomMeshComponent (130)
[2016.11.05-00.41.24:321][573]LogModuleManager: Shutting down and abandoning module CableComponent (129)
[2016.11.05-00.41.24:321][573]LogModuleManager: Shutting down and abandoning module ArchVisCharacter (128)
[2016.11.05-00.41.24:321][573]LogModuleManager: Shutting down and abandoning module MediaPlayerEditor (126)
[2016.11.05-00.41.24:346][573]LogModuleManager: Shutting down and abandoning module HTML5Networking (125)
[2016.11.05-00.41.24:347][573]LogModuleManager: Shutting down and abandoning module GeometryCacheEd (124)
[2016.11.05-00.41.24:347][573]LogModuleManager: Shutting down and abandoning module GeometryCache (123)
[2016.11.05-00.41.24:347][573]LogModuleManager: Shutting down and abandoning module AlembicLibrary (122)
[2016.11.05-00.41.24:347][573]LogModuleManager: Shutting down and abandoning module AlembicImporter (121)
[2016.11.05-00.41.24:407][573]LogModuleManager: Shutting down and abandoning module SuperSearch (120)
[2016.11.05-00.41.24:407][573]LogModuleManager: Shutting down and abandoning module SuperSearchEditor (119)
[2016.11.05-00.41.24:407][573]LogModuleManager: Shutting down and abandoning module SpeedTreeImporter (118)
[2016.11.05-00.41.24:407][573]LogModuleManager: Shutting down and abandoning module PluginBrowser (117)
[2016.11.05-00.41.24:434][573]LogModuleManager: Shutting down and abandoning module MobileLauncherProfileWizard (116)
[2016.11.05-00.41.24:458][573]LogModuleManager: Shutting down and abandoning module EpicSurvey (115)
[2016.11.05-00.41.24:464][573]LogModuleManager: Shutting down and abandoning module DesktopPlatform (114)
[2016.11.05-00.41.24:505][573]LogModuleManager: Shutting down and abandoning module VisualStudioSourceCodeAccess (113)
[2016.11.05-00.41.24:523][573]LogModuleManager: Shutting down and abandoning module UObjectPlugin (112)
[2016.11.05-00.41.24:523][573]LogModuleManager: Shutting down and abandoning module SubversionSourceControl (111)
[2016.11.05-00.41.24:534][573]LogModuleManager: Shutting down and abandoning module PerforceSourceControl (110)
[2016.11.05-00.41.24:549][573]LogModuleManager: Shutting down and abandoning module SourceControl (109)
[2016.11.05-00.41.24:566][573]LogModuleManager: Shutting down and abandoning module GitSourceControl (108)
[2016.11.05-00.41.24:575][573]LogModuleManager: Shutting down and abandoning module LightPropagationVolumeEditor (107)
[2016.11.05-00.41.24:583][573]LogModuleManager: Shutting down and abandoning module PaperTiledImporter (106)
[2016.11.05-00.41.24:588][573]LogModuleManager: Shutting down and abandoning module PaperSpriteSheetImporter (105)
[2016.11.05-00.41.24:588][573]LogModuleManager: Shutting down and abandoning module MeshPaint (104)
[2016.11.05-00.41.24:588][573]LogModuleManager: Shutting down and abandoning module FbxAutomationBuilderModule (103)
[2016.11.05-00.41.24:643][573]LogModuleManager: Shutting down and abandoning module PixelInspectorModule (102)
[2016.11.05-00.41.24:674][573]LogModuleManager: Shutting down and abandoning module HotReload (101)
[2016.11.05-00.41.24:722][573]LogModuleManager: Shutting down and abandoning module MainFrame (100)
[2016.11.05-00.41.24:722][573]LogModuleManager: Shutting down and abandoning module LevelEditor (99)
[2016.11.05-00.41.24:724][573]LogModuleManager: Shutting down and abandoning module ContentBrowser (98)
[2016.11.05-00.41.24:726][573]LogModuleManager: Shutting down and abandoning module Paper2DEditor (97)
[2016.11.05-00.41.24:759][573]LogModuleManager: Shutting down and abandoning module UdpMessaging (96)
[2016.11.05-00.41.24:860][573]LogModuleManager: Shutting down and abandoning module TcpMessaging (95)
[2016.11.05-00.41.24:977][573]LogModuleManager: Shutting down and abandoning module LightPropagationVolumeRuntime (94)
[2016.11.05-00.41.24:977][573]LogModuleManager: Shutting down and abandoning module Paper2D (93)
[2016.11.05-00.41.24:983][573]LogModuleManager: Shutting down and abandoning module WindowsMoviePlayer (92)
[2016.11.05-00.41.25:002][573]LogModuleManager: Shutting down and abandoning module WmfMedia (91)
[2016.11.05-00.41.25:010][573]LogModuleManager: Shutting down and abandoning module MediaAssets (90)
[2016.11.05-00.41.25:010][573]LogModuleManager: Shutting down and abandoning module GameLiveStreaming (89)
[2016.11.05-00.41.25:072][573]LogModuleManager: Shutting down and abandoning module GameplayTagsEditor (88)
[2016.11.05-00.41.25:097][573]LogModuleManager: Shutting down and abandoning module VREditor (87)
[2016.11.05-00.41.25:097][573]LogModuleManager: Shutting down and abandoning module GameplayTasksEditor (86)
[2016.11.05-00.41.25:097][573]LogModuleManager: Shutting down and abandoning module PropertyEditor (85)
[2016.11.05-00.41.25:097][573]LogModuleManager: Shutting down and abandoning module BehaviorTreeEditor (84)
[2016.11.05-00.41.25:184][573]LogModuleManager: Shutting down and abandoning module FunctionalTesting (83)
[2016.11.05-00.41.25:184][573]LogModuleManager: Shutting down and abandoning module CollisionAnalyzer (82)
[2016.11.05-00.41.25:259][573]LogModuleManager: Shutting down and abandoning module Sequencer (81)
[2016.11.05-00.41.25:326][573]LogModuleManager: Shutting down and abandoning module WorkspaceMenuStructure (80)
[2016.11.05-00.41.25:326][573]LogModuleManager: Shutting down and abandoning module MessageLog (79)
[2016.11.05-00.41.25:327][573]LogModuleManager: Shutting down and abandoning module AssetTools (78)
[2016.11.05-00.41.25:427][573]LogModuleManager: Shutting down and abandoning module UMGEditor (77)
[2016.11.05-00.41.25:541][573]LogModuleManager: Shutting down and abandoning module UMG (76)
[2016.11.05-00.41.25:566][573]LogModuleManager: Shutting down and abandoning module SlateReflector (75)
[2016.11.05-00.41.25:646][573]LogModuleManager: Shutting down and abandoning module Slate (74)
[2016.11.05-00.41.25:646][573]LogModuleManager: Shutting down and abandoning module EditorStyle (73)
[2016.11.05-00.41.25:667][573]LogModuleManager: Shutting down and abandoning module SourceCodeAccess (72)
[2016.11.05-00.41.25:667][573]LogModuleManager: Shutting down and abandoning module HeadMountedDisplay (71)
[2016.11.05-00.41.25:667][573]LogModuleManager: Shutting down and abandoning module XAudio2 (70)
[2016.11.05-00.41.25:667][573]LogModuleManager: Shutting down and abandoning module Networking (68)
[2016.11.05-00.41.25:667][573]LogModuleManager: Shutting down and abandoning module Core (67)
[2016.11.05-00.41.25:667][573]LogModuleManager: Shutting down and abandoning module DirectoryWatcher (66)
[2016.11.05-00.41.25:667][573]LogDirectoryWatcher: A directory notification for '../../../Engine/Content/' was aborted.
[2016.11.05-00.41.25:669][573]LogDirectoryWatcher: A directory notification for '../../../../../../Users/Jesus/Documents/GitHub/TimeRacingGame-Learning-Project/TimeAttack/Content/' was aborted.
[2016.11.05-00.41.25:669][573]LogDirectoryWatcher: A directory notification for '../../../Engine/Plugins/2D/Paper2D/Content/' was aborted.
[2016.11.05-00.41.25:675][573]LogModuleManager: Shutting down and abandoning module AssetRegistry (65)
[2016.11.05-00.41.25:919][573]LogModuleManager: Shutting down and abandoning module KismetCompiler (64)
[2016.11.05-00.41.25:920][573]LogModuleManager: Shutting down and abandoning module PhysXFormats (63)
[2016.11.05-00.41.25:958][573]LogModuleManager: Shutting down and abandoning module MeshUtilities (62)
[2016.11.05-00.41.26:023][573]LogModuleManager: Shutting down and abandoning module DerivedDataCache (61)
[2016.11.05-00.41.26:130][573]LogDerivedDataCache: Shutdown
[2016.11.05-00.41.26:130][573]LogModuleManager: Shutting down and abandoning module VulkanShaderFormat (60)
[2016.11.05-00.41.26:144][573]LogModuleManager: Shutting down and abandoning module ShaderFormatOpenGL (59)
[2016.11.05-00.41.26:181][573]LogModuleManager: Shutting down and abandoning module ShaderFormatD3D (58)
[2016.11.05-00.41.26:192][573]LogModuleManager: Shutting down and abandoning module MetalShaderFormat (57)
[2016.11.05-00.41.26:205][573]LogModuleManager: Shutting down and abandoning module TextureFormatUncompressed (56)
[2016.11.05-00.41.26:205][573]LogModuleManager: Shutting down and abandoning module TextureFormatPVR (55)
[2016.11.05-00.41.26:220][573]LogModuleManager: Shutting down and abandoning module TextureFormatDXT (54)
[2016.11.05-00.41.26:231][573]LogModuleManager: Shutting down and abandoning module TextureFormatIntelISPCTexComp (53)
[2016.11.05-00.41.26:257][573]LogModuleManager: Shutting down and abandoning module ImageWrapper (52)
[2016.11.05-00.41.26:257][573]LogModuleManager: Shutting down and abandoning module TextureFormatASTC (51)
[2016.11.05-00.41.26:257][573]LogModuleManager: Shutting down and abandoning module TextureFormatAndroid (50)
[2016.11.05-00.41.26:257][573]LogModuleManager: Shutting down and abandoning module AudioFormatOpus (49)
[2016.11.05-00.41.26:270][573]LogModuleManager: Shutting down and abandoning module AudioFormatOgg (48)
[2016.11.05-00.41.26:283][573]LogModuleManager: Shutting down and abandoning module AudioFormatADPCM (47)
[2016.11.05-00.41.26:299][573]LogModuleManager: Shutting down and abandoning module LinuxTargetPlatform (46)
[2016.11.05-00.41.26:299][573]LogModuleManager: Shutting down and abandoning module LinuxServerTargetPlatform (45)
[2016.11.05-00.41.26:310][573]LogModuleManager: Shutting down and abandoning module LinuxNoEditorTargetPlatform (44)
[2016.11.05-00.41.26:340][573]LogModuleManager: Shutting down and abandoning module LinuxClientTargetPlatform (43)
[2016.11.05-00.41.26:351][573]LogModuleManager: Shutting down and abandoning module TVOSTargetPlatform (42)
[2016.11.05-00.41.26:351][573]LogModuleManager: Shutting down and abandoning module Messaging (41)
[2016.11.05-00.41.26:351][573]LogModuleManager: Shutting down and abandoning module IOSTargetPlatform (40)
[2016.11.05-00.41.26:351][573]LogModuleManager: Shutting down and abandoning module HTML5TargetPlatform (39)
[2016.11.05-00.41.26:351][573]LogModuleManager: Shutting down and abandoning module Android_PVRTCTargetPlatform (38)
[2016.11.05-00.41.26:351][573]LogModuleManager: Shutting down and abandoning module Android_MultiTargetPlatform (37)
[2016.11.05-00.41.26:351][573]LogModuleManager: Shutting down and abandoning module Android_ETC2TargetPlatform (36)
[2016.11.05-00.41.26:351][573]LogModuleManager: Shutting down and abandoning module Android_ETC1TargetPlatform (35)
[2016.11.05-00.41.26:351][573]LogModuleManager: Shutting down and abandoning module Android_DXTTargetPlatform (34)
[2016.11.05-00.41.26:351][573]LogModuleManager: Shutting down and abandoning module Android_ATCTargetPlatform (33)
[2016.11.05-00.41.26:351][573]LogModuleManager: Shutting down and abandoning module Android_ASTCTargetPlatform (32)
[2016.11.05-00.41.26:351][573]LogModuleManager: Shutting down and abandoning module AndroidTargetPlatform (31)
[2016.11.05-00.41.26:351][573]LogModuleManager: Shutting down and abandoning module WindowsTargetPlatform (30)
[2016.11.05-00.41.26:351][573]LogModuleManager: Shutting down and abandoning module WindowsServerTargetPlatform (29)
[2016.11.05-00.41.26:367][573]LogModuleManager: Shutting down and abandoning module WindowsNoEditorTargetPlatform (28)
[2016.11.05-00.41.26:386][573]LogModuleManager: Shutting down and abandoning module WindowsClientTargetPlatform (27)
[2016.11.05-00.41.26:393][573]LogModuleManager: Shutting down and abandoning module AllDesktopTargetPlatform (26)
[2016.11.05-00.41.26:394][573]LogModuleManager: Shutting down and abandoning module TargetPlatform (25)
[2016.11.05-00.41.26:394][573]LogModuleManager: Shutting down and abandoning module InputCore (24)
[2016.11.05-00.41.26:394][573]LogModuleManager: Shutting down and abandoning module Settings (23)
[2016.11.05-00.41.26:394][573]LogModuleManager: Shutting down and abandoning module OculusRift (22)
[2016.11.05-00.41.26:416][573]LogModuleManager: Shutting down and abandoning module GearVR (21)
[2016.11.05-00.41.26:416][573]LogModuleManager: Shutting down and abandoning module ExampleDeviceProfileSelector (20)
[2016.11.05-00.41.26:416][573]LogModuleManager: Shutting down and abandoning module OnlineBlueprintSupport (19)
[2016.11.05-00.41.26:416][573]LogModuleManager: Shutting down and abandoning module OnlineSubsystem (17)
[2016.11.05-00.41.26:434][573]LogOnline:Display: Unloading online subsystem: NULL
[2016.11.05-00.41.26:462][573]LogModuleManager: Shutting down and abandoning module HTTP (16)
[2016.11.05-00.41.26:462][573]LogHttp:Display: Http module shutting down, but needs to wait on 1 outstanding Http requests:
[2016.11.05-00.41.26:463][573]LogHttp:Display: 	verb=[POST] url=[https://datarouter.ol.epicgames.com/datarouter/api/v1/public/data?SessionID=%7BBF438A26-4031-70E0-247A-20BAB9543D6A%7D&AppID=UEEditor.Rocket.Release&AppVersion=4.13.2-3172292%2B%2B%2BUE4%2BRelease-4.13&UserID=0c479a84476251348e1244a9dc85ee2d%7Cad65c476117149dd88ee20b2fc68372b%7C491708b6-a3d4-4e31-bbb1-c0eba3451eb5&AppEnvironment=datacollector-binary&UploadType=eteventstream] status=Processing
[2016.11.05-00.41.26:499][573]LogModuleManager: Shutting down and abandoning module XMPP (15)
[2016.11.05-00.41.26:519][573]LogModuleManager: Shutting down and abandoning module TextureCompressor (14)
[2016.11.05-00.41.26:563][573]LogModuleManager: Shutting down and abandoning module ShaderCore (13)
[2016.11.05-00.41.26:563][573]LogModuleManager: Shutting down and abandoning module Landscape (12)
[2016.11.05-00.41.26:563][573]LogModuleManager: Shutting down and abandoning module SlateRHIRenderer (11)
[2016.11.05-00.41.26:590][573]LogModuleManager: Shutting down and abandoning module OpenGLDrv (10)
[2016.11.05-00.41.26:599][573]LogModuleManager: Shutting down and abandoning module D3D11RHI (9)
[2016.11.05-00.41.26:599][573]LogModuleManager: Shutting down and abandoning module AnimGraphRuntime (8)
[2016.11.05-00.41.26:599][573]LogModuleManager: Shutting down and abandoning module Renderer (7)
[2016.11.05-00.41.26:599][573]LogModuleManager: Shutting down and abandoning module Engine (6)
[2016.11.05-00.41.26:599][573]LogModuleManager: Shutting down and abandoning module CoreUObject (5)
[2016.11.05-00.41.26:599][573]LogModuleManager: Shutting down and abandoning module NetworkFile (4)
[2016.11.05-00.41.26:607][573]LogModuleManager: Shutting down and abandoning module StreamingFile (3)
[2016.11.05-00.41.26:613][573]LogModuleManager: Shutting down and abandoning module SandboxFile (2)
[2016.11.05-00.41.26:626][573]LogModuleManager: Shutting down and abandoning module PakFile (1)
[2016.11.05-00.41.26:706][573]LogExit: Exiting.
[2016.11.05-00.41.26:755][573]Log file closed, 11/04/16 21:41:26
